 Container docker-acct0-1  Recreate
 Container docker-acct2-1  Recreate
 Container docker-acct1-1  Recreate
 Container docker-acct0-1  Recreated
 Container docker-node6-1  Recreate
 Container docker-node0-1  Recreate
 Container docker-node3-1  Recreate
 Container docker-acct1-1  Recreated
 Container docker-node1-1  Recreate
 Container docker-node4-1  Recreate
 Container docker-acct2-1  Recreated
 Container docker-node2-1  Recreate
 Container docker-node5-1  Recreate
 Container docker-node3-1  Recreated
 Container docker-node0-1  Recreated
 Container docker-node6-1  Recreated
 Container docker-node4-1  Recreated
 Container docker-node1-1  Recreated
 Container docker-node5-1  Recreated
 Container docker-node2-1  Recreated
Attaching to acct0-1, acct1-1, acct2-1, node0-1, node1-1, node2-1, node3-1, node4-1, node5-1, node6-1
acct2-1  | 
acct2-1  | received from 2: bootstrap_req
acct0-1  | 
acct0-1  | received from 6: bootstrap_req
acct2-1  | 
acct2-1  | received from 5: bootstrap_req
acct0-1  | 
acct0-1  | received from 3: bootstrap_req
acct0-1  | 
acct0-1  | received from 0: bootstrap_req
acct1-1  | 
acct1-1  | received from 1: bootstrap_req
acct1-1  | 
acct1-1  | received from 4: bootstrap_req
node2-1  | 
node2-1  | scheduled message. prev packet id: 2_first, new packet id: UPX3ZR9tO0k=
node2-1  | computed route: 2 3 4 5 0 1 
node2-1  | delay: 3s message: 2_first 3 1 first message from node2
node2-1  | 
node2-1  | scheduled message. prev packet id: 2_second, new packet id: L5B7uofJSN4=
node2-1  | computed route: 2 3 1 4 5 0 
node2-1  | delay: 8s message: 2_second 8 0 this is another message from two
node2-1  | 
node2-1  | scheduled message. prev packet id: 2_third, new packet id: Zjn_o4UD8Ng=
node2-1  | computed route: 2 3 4 5 0 1 
node2-1  | delay: 13s message: 2_third 13 1 third message from node2 without forwarding
node2-1  | 
node2-1  | scheduled message. prev packet id: 2_fourth, new packet id: nAdHYFB6L7Y=
node2-1  | computed route: 2 5 0 1 
node2-1  | delay: 24s message: 2_fourth 24 1 another attempt from node2
node3-1  | 
node3-1  | scheduled message. prev packet id: 3_first, new packet id: CVErp8BZZ6M=
node3-1  | computed route: 3 4 5 2 6 
node3-1  | delay: 18s message: 3_first 18 6 first message from node3
acct2-1  | 
acct2-1  | received from 2: proof -UfWEDd-V-Y2Jw6DXdAUmLRaX9x4F9CK6dCSTOb7YnMgWo91gNPi1iwWZm23mvZjcZi06OnRAqj9R1mrYhcCw63BXGDwjNGVeltZEHFfD_-yB672kMHaL89Iquc5gIWctFYNyw68kh2t7YXa9oHVLQ-0-cnJlUosDYXXz8N4t6gklEH-mzOkhadCYWpJ5uqTThqQnX89GMTuVVdA2ZPABYda5NAlXlSCU7R18ARbm-s-3GDIoMFSGyfMUvoqOvxDRFvBvlJIiSSytTb9O79Dk59qBrQARXqwlC6uqGM6AMDSucV3LM5-5RNuzw0n6SOQnG0ow8nfxmxe3R4EH7IZRQS8B5O98knUVjqfsx7s6YJH1hM08CNXRWTgem30BkNtRYpfIs36Fpo2ZnmQ7JfQuQkE_e1MR5Gs6rpwY6Wmr6ec0r8y9STf5pyBRJcE_Ig=
acct2-1  | 
acct2-1  | succesfully decrypted proof
acct2-1  | no receipts found in proof
node2-1  | 
node2-1  | sending packet UPX3ZR9tO0k=
node3-1  | 
node3-1  | received from 2: i46XlIQ3XobPwv6Gb0EFKNv096pDAQUtSMYL4AGGsn_4n-lqLji8dNl78y2xg0hIwLDP5X18Am7xIIyQhGwjGsZLDdOFvhKZxz5b8Z_58sTijUi2n1PaRx8RtrTxENnbhk9K7yr5b4eOkBtMYNVcvxUgDNbU-eRNJpay2FWxQG4xBgnx6RwzfVBhX2rW_hMRIsNMWEelpV0SllWVoU_QW-aVArkCWbRtOKHxoeBONMDgvp6j47-3s1LG9wLflroz31HDR0o3bU5IvoOSibzKeGS-pJj8p_m-w75PO3qpiPd8FoynGePrF1WJFjdTlf6H-NOHYAFu9nmXQmS62GDbIjdxr1tlPc2JjvX_Wzjyz80Yy3kWeTjaLuYpN6me64OXid9YlKpEE00aBs1YE6twN1PE1Z0znwQDoSITmirdCyBuM4M0txiNp1wnTYqPaqnvPoMk3APlssMqaDBTL1ueCvlSKowLeC4LGZpHOyglE2EUhnHmD_9LQrLA73KNJPEKiv4pud1WQoMT27OkipulVN80WxBz8xChP4gOd3Bxae6m5bUn7R8VbET26P9Ujty9fBUMVBpk8tZU7yEu72B5jOetFlu7UhQlKo4wRhPY_eGfOMthnrCSfD-z6zE3wtCElogpX6HhpYDdcPWH_Fm8x2MUBe0KNXY1zCwfQ4kqXKVe_7BfF2W3X5igemJQ-y8-O4OQh0UhviCtK7xQkpACDlMnkkbtiptUYnb6GGmdrcAJ2zH0lqtf-KawXfE0D4NS3lj_9QSY35CWo22JTgKeArGKB6NJKtf9JO2GjBCvpGbG2wJXmgJK0p39Xq2qf5fIrMCvvp9rlAG2ceW92mNZhGOJZ3PlL-iCSPT18wU2KDmLUd0pE0-hdmPhYavChJ4OFSnpzThCxRtm6hrVQa4vNhQfYdoVAIFybGnQSiQpu6NBcKk4lLmFJROjHHrxB4wb5kDoEqbOKoBaOtWNyOPY4GIG3DmV8uti
node2-1  | 
node2-1  | received from 3: receipt jK9amOA2N_cq42nTq96LEikAFVM0BWTYwXDWvJ5yHylRjdBffa5fpO7enpHM8yRIIPKoMnVgebAykr9gD-wCj5Blc1DihBxjjyI0vjslF9D2mOstM_cTJigCgXMK9BtKXhnbb3ZxXZbitWj_oQvINW5zt5hVJ-D64YlydMgP9HZB9VcNBF2SklGEFG_2y2D4xtCVa5_5SYNNH-WObFdtCb4=
node4-1  | 
node4-1  | received from 3: Adn9xm4NvqdcOP31M5aKlbPZ9jwyHjg8U8qFvgqmgR8p6bjElkI04W_LAzLgqHpIH2_YRo0wGDxRg0FNVj3R7r_26Z5UFf0AEs4UNSby6zvm4RaFJ3SHU5GjmBn7ee7yHdJZGjqsjz8YGg0QrOtC3ipuHa5rXcaFzD0q4-LwnQ2OKmpgmfXLZxDEm2KUnshIH7dJvFJzZOxMFczAepNDNdi-kwEvAzVK4I2IFaVklWFs_QXHbs6TCiT2d3YACUOn7Gabocc2_e0w8Yy7qZpPsfH2-MoMUeLiVr4D1JKOT-kuN-mjPXxLQBsKE5SOuMeoJJVUUJypSoUmg_7KBYFUF_IQBY_RIEQMZzwhGvdhtu9V48Gh5c6uY3fZcWX4m9_K7gA7Z-Wh_jtpmnTQyt-wqMUBHmQCQ-mxU7SZXvLgt2EhiuCXmKgGXW8UUoIcBxM5bC7HVyVU87wHEbW76hTFzq5kbRIDoV4bygo5VDaOjldMEK2iHdrTmUI6QouaJ79Mh6BxiKzEbZe7OeGryDdvCr5dcZGtEc7TqD5TsAXztHrkzbzfjK2zQRs_RTJ9mkMZ2EOMJThdItYn4vj79y2pbTwFrG65QcFf60ywXwP2IxZ2NWXMOGWR_pdFyBDF0rkba-vMkKYCXHpJYQ2v3cKCZAIRFnKfuvaIlFR75dHxbAW5YQAZykXV4nfNxahIxPu-QKEO91nNZm_Otwfjw2Xa5CAlIuM5KfWeXSrrfjxtD27WnYIeLi2BjtZoExPSgLmNkbi5Xm8A2JPW4YqNZPd-jYpTzonmNOWD
node3-1  | 
node3-1  | received from 4: receipt xz4L9T2kDyXgBFl84LhAOvDxvOzCc88FvqBHyU5-tQZCRnfFoJe_9uYEkqvoJ6MKjipO9oFVuzK_ui8gdo8CH9logKwfxxXo5FTIkaFXa4dVgaMr10E6Uy6FP8WUTsUQhzb7nqtfwkx58YZzFxS_uexm20bOk3SnytQTky_aeIqtWw9yMtSzaCtkXK2L-_OXmJI4Vk0IzlGGbRaQaW8Hey8=
node5-1  | 
node5-1  | received from 4: sVZkitQi0Mu68xuS39HJehzG5tNjqaozRj1Zx0bzAVgFJgf24EJ7x5DAITvVEXvR6W4HpKzJd0ChRHzuGQ9XvAls4p_7cNduaDvbkP0BvqWfA71We_MiPwoWSmKBxAJfDf1jvTtcZRZHliZMM-QEAhHy77Yj-MNgOWB80dr2DQcnzEnYMyl31cxU3KXERDTQ2N-7WBz0K-JRXpH93rJPO4aFFgPNHREaiYDH1iGcSUwopFcZoz1wZuUX3iwxUVSNJGfb9fancIVJPm3dQy3wkDlGSHRSYG0ucRcq0JhBY3RQxztbvXfJBg-T128aBADWZMT0FvgnT6VGclewPvxO_YYVwWQcONmCvEmdPcBg1gzyO0MVlZYgC9wVnovKi_BGsbRCBDYOXFv3buGtkyp9giFFXMTfF5eyZXUmoSr-bmCE2bct4JvLc1czNMLZdW98kJBgOF2wmsGGTyEOJO11Q5osOOoBpLjT9lK9F5GO6CiYOiz8tf5wYmxqGb0VbomFcrTeFJ3IXEQPeaOi4USVIr1O-XLyaMtpcjHAXLG86zRlvwbez4ci9kr42kwhb8P5yyHEARXl18__UWbcBXgn_8bbZpl-hmRI
node4-1  | 
node4-1  | received from 5: receipt P-j5eB8bb8L0AQP1VhM2emRk1Yhi94BM4gvtf7MkA08YWLrPqYM9aDlnZK4u-VJMq3XvYW3vfm9FH5wtiL1ToePCKdNZjGi6WGZsDphfsDWztnOfeRJn-Yx99romkAewHim1iHea7lnnk8qNzt71QakQ8XytkRN5jKwO-J455f_beEVi5VbAWLmcnb7tAwgt_K0xAixTUjGR_bHOutTZmoY=
node0-1  | 
node0-1  | received from 5: XyjsrGHxrKCqHjx-EsG9G6hfz2GXRS8E1tLn2rb4ZEvFxbllYyh7JwU7Q6VhoIKQZz22VcHTCgrlXuTNFBlA0a_OTYdcb8ccLYsQKOx-6wtW-3DOhtWb7nlM1N2NzWnTrNxwUIZN1yZ8YiAFi4Oqt7ND1n4HM6oIY45icq7JdkkEYkE7Gy-TV3uqU0WFiVssUIZguXDrhzjWzboJpQkDxl-TiLnD9VZ-LnPL5ZS9u2jXlAG-fS_wsluQVVWqn2EznJzdBBIQ7aq4V4iPENnP8Pgz36CRilI5P7Xz6ueSucKhscKrusW_ZdTq6EXDRFHjBh3x3CsvdYuaOPU6q4RqUgVafSehbkbIJaA5HTRg8aFTKglOYhSgQyHY7UjYlE7VTlbuCYSm-msqTIHfQJH1qJUMLwxQbmkK
node5-1  | 
node5-1  | received from 0: receipt gEcrstq9N_LE48-DEb7HUAJmW4JmudC7IeLQb5ptIxnbceyLQJ2JbmYuZZvC-3fiWqemtO-z9aeBqK4nEU_fxohmhbwBI_MKqtGKHh_2ZS-XFARrlhPrJhS0Jb7aSKV770GALMA0l-KgJGJIN0barjQ4C6bB4c7AeAUDyyPzqV-_s67s8vAC5OS2Iv6jW-Gzk3AYIlxj2e3NswnyMNDFuh0=
node1-1  | 
node1-1  | received from 0: zxf3sTgpdNkby-qNb6gezkwZw9WpRTEKqMeKkOX5fjlAk-Z0otsf1_B6OoEQa0_RRgvMgr_iy-aMV6DWssfTpWn0-VdtQ6VZ6RQJEeMD8XsnzNCQRFqY31HmHO79Gr4cOheFwinlRCH2kNfE7pSa6Hw7gpOOYmCRncxbrQkALwRnLCeZx3wAFd2fUK2CTTAXUJxMQvh3Gb2MZe2hv0hqRJh0OAIuXdaj
node1-1  | 
node1-1  | packet reached destination: UPX3ZR9tO0k= first message from node2
node0-1  | 
node0-1  | received from 1: receipt uPvSlT3RkjSe3ttrq6S0ldzW03QMm2t5Cc1zi18Neza8HvDGdW5RFrQVE0FQsaQnuwkSy6zD2KTFtLW6N3eDQvakBn8NvOFpaZDO-ohZil75rJAzyDSc5poQy8KjCX4woi53DUlQQfk1ur8dDK5xoWXaKln7ipp5_piJ5J-9B949lkggNMYV2T7Gz6d90PQNRjeVv9aigCfqrR9xpf9fSOM=
acct2-1  | node2 used: 1024 forwarded: 0 threshold: 2048
acct2-1  | received from 2: proof t_CJmHWdemWmQjiZaS83t20Bwh-O9wxhEYcIASlNzTEcI5kqUguX9KeQ73EoLAhZQ18lXUgr1Co_6Evm7SBG9T5lau4u3zDALlN3rgni3zlWXsqO7AXlgg_bg6AnENmWlxKpq1oT6hwHYaopn3vE5jemaXS5SCvAsjHoOgFO5TKdCgadyOAnnq-xQt-viCbIlfWq8NDuJ9FaeTciG95A5tjiJqG5d6KsA4y5a8VNyeu4iHfE-g_3nLzp7crbMrE3wEyl9ql-LbUCmBBmZz-uYdOEeTBVp9UFQsg3uPOA8an1IR4fQJYcsxVC78RzGwZ484hXb99kNARNQco2T54kRPUHoI2DtLpzuDJEuuu-pBcWfFielRdkyla-wnzU9kgFI7hpOCWmzdzHCW0r3RhqYUzlJA-gRHxHXFNK_-Omg8qsz_p5W7JViAkfSG4NelDapEezmOlouXk5RA4_jujWi5-XYbSp5CT0B9Tw8OkId_N4_hy9jP2TFsaYLJusVBIhdAcxRW9JQYn9JMjltkWzVh35aqwR48HtPHROroXsSVcaAQjjioLCEbLwcOWl0edakZyPeitBgu6vT0WILsyQsGVaWsBMRQ==
acct2-1  | 
acct2-1  | succesfully decrypted proof
acct2-1  | proof receipt  UPX3ZR9tO0k= 3 2 992 q5YC8jw-7YXHcpL0fe8ng12SCHy98ERZ5nH-V_hHBXEkKqU4i1A_thlrfIo3idSgcLfz5EQFCXYgICwlMnh1CA==;
node2-1  | 
node2-1  | sending packet L5B7uofJSN4=
node3-1  | 
node3-1  | received from 2: pa7V7GHJry4kzaUMahAWfi7aRZWDoQuk8naKsPvrEF_gFOcWRjJjjd19dI830Nw_7fMLQcpnGcFOkN_rFu36A0N0mFg_AOpvffHo6JbplhnmlnhfJcTHrMGOENhBqSBX1SBSuFkW8TCe_ylNCH_ba8F_0ZqtUvaisYodSvC3thNQ0FEvQtLmak0XjSWEdS9pvF-iZp_7WG998sK43q1o8eitdQKPw3GoL2bHoTpKNcX0NvSlE7YYbKX17WXdzItGq0XcArEQm84wG8hQ378dalVOM8tqf0t_Vfy8oca4ZkZ8Wkix9pTP59UNlRPOyBCx0wF86KfXRfYr4dnGOB0D2vMNEddFVSYG2yxqvMRCBeKdd1YC1YBtAuFeVf8hJ-ZHUPo5HW232qF64UWwFA6n78w6TON2MthD_k3GHj8-0mnnKiVNANYsB0pRjd_n5iJzMnSCFcgdNpGS2couuZicxeG3f4yp3Gbr9gY0FyRxqdqXZQ4D476sSZdM2fPu4zDK0JpkQO8ORRb1m4h1eCrGYzyUNzUhYmD0vq_-RuvAPMHE2sqvLNm0SQK7XOmbQ1brgp8Q6CYBlRXqm3dZdNKbzlYXIAaGTu_SkL3RZj9r635oicmKck5z6DnK7spcukocpMke_Jy1-PoVxivyMIC3FM0ri305TTw4e41YzAflUpO9JUyQ8ln-4A59TjPafWM2j7Anb1vZeM2Krx-e9SaIqsgp0TuDCrbZiNo07rAXtdKNlOZ2V2WWhMoyo36b5jqvd3uEDEmk5dfn8PWJ7p2d4j_0h-XYLPTEemtvmDYyHS0SFNKTuL_Clgm7woClRKIpMi-2Ohicxlbss3PL3OocJE41S4jlbumTPJC_0lKcvW11OhQ4mSgFvuH3WJ3lvp6JxETaYyDakUf1s2PVdmT0mA6DMqfWeVlodHFbuhhEV14fhxHGF408WDIUtodiEiqEUGJw12MygIVcOhu0XgUbGH6K1Wymn8XDHsgxfjRL1Q8=
node2-1  | 
node2-1  | received from 3: receipt hc7M5JZrxt9RBE-X0YW925geMO7luTXEF2pR1AAbp1ZZ5zM1QxxqLG7aIS2IuM6RSY-8TBMMV4BbptQJEUwLg6L1JGl70ZN97daeo7SDdMeZg9ZT4m7aujRTwiRW6TVXmAt6bjVhXpf0--rL78G1gUYdPDJ4ItZt2bOFIuFR4ciERzaxjCaaa6k1Yz5koCLikZhsXKVQl9fddp-5kB-AJbdU
node1-1  | 
node1-1  | received from 3: 9VfQHyM7vTN2t4fdRz6VKRE8d6w2WlXtuXhN5u8QPCYCEU6f9ppkLXXCD2kpyal_LRalKOk3vjUR7ZLifX_7GhBdr04DADQO1nb5gyBEFZSXzfB2yQln883bsW0Dp0QVXgcdSHL9XlESEbIRAF0oDwaA7TLSB2BG2y8uqe_3mw_Afoe-PS1Y5WQ3NDcyxhAi8FYp5XlGWQtSZzecCVt3Ls7eWZl88_c9aSwEA2Ojvhf5cERu2hMH2V_vYqRv0LiEohF0FrqZ-rc2t87sRcQMeC7_n7WjoHY5lXRYEPE0E5ddtQDNsZVKQro4zAaEZTs10SJZ91OMbwQc2Ps3p0KuD9y9C55gV7CDxsgILTyNRvyyOGbKAUCpnnPHCnfc7ts9nMMefQKwgPrhg9T5CrZ-V5nTApkk6SUmEzgdMEup-ewHs8MNfjYJPB4ZXYxigiyFm8-ca5xv4COsB0yWELrf1mgikar2mFOPe6O2wBjY4clo7RyiZxp6vkcG1QT3fUZQ-22OlGrX5amG6mXo28dwP6keBqSsXzFy0_thN5hfIyYRYZ-yACFRucEFhgGumUSGy7Yk2gxpM_072CTmyLOrRp7li_fk6_S8mCvr7Cl3AQvhqC3zrpQYZ78CdwAHo77BAIsylWK1631cXJQtdU0R8TwXZATa2gwXSDRI5CtHjUyrAFyIelderDZzyWl-j2igjqShK-FmLaATTpBduNalxDMf3YkTaH8d3XzPUskbzQLg8IBM2gM5URhFWxLysowU7iQ6LukwqmPKRoqVj6mH0yv7ABWO9yIoiX4UTQi3HyY=
node3-1  | 
node3-1  | received from 1: receipt cfwu_KlkAIfo-8aA721gj-wrP_vuN4CXC0cQKr46QjNfCaRIbksk3IlFjpQV_L2e5XnTAjG2lj4SzrjSVzSmSUHF2h85cL74jVGghSI1qrGs1b8irtK7_nq-kHg23B9IwrmptmK5hsJEgENU74chX5av6-fBifQxCfSyOineyUI--_UPnO5aavzxvxjItDgPTFGeQi3HfnIkKthbChr-QQs=
node4-1  | 
node4-1  | received from 1: XxTI55V6iiIXFtaCVWYSlzUr56xmDqh52EnQ_9Y6eHkLGw2k--hcETUUlu_CLmSPbvt6jynMMuAshtLXyoppMxt57DYAEyQwmLz9a_-YUJhmYWqMsVQS9qvJgEcvcHCDOzIm6z5sKNHstF--5E91rxRImqboywDBEDbob6-T7hiy7fYixqfNIrSj4BePB4yfF-hkbd5dxWq1fxTaDT63hvBG1ahytB2Z2iaWpygj_66vPYJIy7VpvGBlz3UnOX3vXipmJNkwhnTV8IajlTNkTVSASQXUCwcYZ5u4Fgyj2nVmZDCnzfSzZHY_G8lA_g3l1rtf-zR6V5O-bNR1yOaaL2h9Q16hrION0XT65fnpXcMGPhRBZvAKMG5FfYVWyNQJZcdlxewkqWlXL9ojyJCIP8ZudnjRTGviPYYspf1rCcS2Dh4xvxA2UZDSCe9Xseev0GG0YtE4JtfhOJMwt9uXG8gurOwM6_UaWK3SZf72FAXo841NBcAL9Ybex6O9QzY0zHa1r1sWC_QCFOeru5ivXaUDHhECV0NKSBuMgOgYfHYjLv43UWaQCs4OquZiIEqeleKdGOEGE70YzMvklofmhG2b6RulTAeeuU5F94QGxbs=
node1-1  | 
node1-1  | received from 4: receipt bI5pxGbGWf1K4-C3TEYiJZ8pqf6Mi9Gs-OOdQGT0q2MANhnylbixE4E0EzL2Hmh5rvfIpf_-AVDDzS83wXBOX0ZEhCeNangidZZtXe0kiIRYw00jdVsDXs3qLk2cxk1u_TM7Cs3IO1mLMXPz76bPIJYxQVMhJjabmqs4FC6y0-XFx0s7ywkRpSD8RnJCKBDLkxr7p0yoU5T16HhNxlZru9k=
node5-1  | 
node5-1  | received from 4: rIckuTEY6UWnrtuV9pIWQgQ1hq00gzCjFGmf8L9S-xezBbHDoqEea5CCunI4M_5wRNlUHow_D1aXBUbBfLEN1MCjdBt1jtwXzWTpLKsHoCoV6u5HbZeFGeEHoMGAubrKvzaGDSZ_4v3QGMdJVnbFQP4Jv3Ql-QXxEVIp5e7h_K6KEotY5Z_xN3odwc1tE6zrHA3y-8dRobl7SGwhj-laRvet0YUs5juH3f6TLBrM4p3m7AnlZ2hYHDzVvLx6SXQ_C6EoVf1Ic_AadSVnVBUdnEWwwo7qy3dTF6hQSklDPlIA5vyCiSBQVp_y0Z_H6jcplGKYM_udLPuU36jj4Uzj4lgOQU42x6nprC5g74pibJKh12WDLp2SArGReNjskRMektXyHqN0yJynP8lLJ_yDJVzMfffPHYc5YVBfeDUEI8M=
node4-1  | 
node4-1  | received from 5: receipt pgHvei0CLq2eFV4s4OXUFtzzragSnLkcq8MQfdYzsWUjVCij_YnRtVe5z2WsB0LDF_QvrOq6tliS9OAWoSOj2jiTfbUOPPvql_Go2mh1VoSJ9DIs4_947-VEH9mle9boqHmeWZru1PxKaZ2S3E1cqN1oS6HE4Z40VGe9HPjzwoy1zMnG638xewIuUwwipYEoxJqHRmzn_akyuVtenkbVp7M=
node0-1  | 
node0-1  | received from 5: tTT5lCA60dmieojEwLn1Bxe99scM_BgK_kpgI0IASARVwHpUuKXQMFqS-Qm8WEPmlBE_RSMPKwPeDQsrNLjhn6L1tr2GKJxOKxjXYSfh_hiG6crjRs7gYxyxyws8VrNwwQWGKirLGjVbxXg5OXnFK9eHGgrXkxZLMRdfxLpejqQqqrkWCLGQQiASgmNIJFsQCmZ8y42v9Babn8SPAsB8ozvCutdVfg-CCm9xC1Flvpw=
node0-1  | 
node0-1  | packet reached destination: L5B7uofJSN4= this is another message from two
node5-1  | 
node5-1  | received from 0: receipt O3GE1tuaiTiBPf57XSrN3Xtjwbqe6eaNJEHGzmlHhiXNc0uOuVdE1TkolIfkUjM3PDolB5XpUvIk2Ovc1VilV1C_PDHGVgNpaAVNfJytc4q8OAS50Ud34RJR5Blr-or0WA8glkcU4E5Zf17zmsUPyfY05KDPT_KpS-N2P_uLeb2JfLw6usHQw1Ks1a_YV6ly-GRs_X94DXyNtDxj9tYN940=
acct2-1  | node2 used: 2048 forwarded: 0 threshold: 2048
acct2-1  | received from 2: proof qX3yRl-dIJwG8Bfwrtd5xn1y_fQ6uuwp3xWsJwtn31D9lZjcomE210f7AF_945OOhVJIDCT9R6mCj12cPIzQ6VoYXxLB8TjAOyFgAik_9N7Ik3lduRqN_5T-WtIzibMnc_HFi41aVfPd4j2Imtexj6u0QroKMKemk2br4SZRl0NTOHyAxBg-rlC2_rMIEgEDdoUE92zcECKO_nhXCOXHqepphP5oGg-WoY2EaTu9BX9XvSDYZsQaLdJ6JizVMfXw_TkJIAbuKWY0mG3NL9SyJb7FqS5SQTIMdY0LyEfmUIL9Rx9AVkcbC4SWlkzLqwW1ggU5xQB6vieQ5C3NncP7AXTQEwoO9o60a2fKGxG8uEesl3OxXlJAiyax8yUi3Ob1KOjGSIztI5tQMAkOGnKDYHERFfhvyR9KfiRIw3uO-8_UcuccyvD4VDuOaLwbKSEm8j8tIKQ6DU_Df4E1-H5VpPbiFTfhNnX6agRGR5fMHBLnxmU02UzmrwAd6LJCPNSFcFj9nJlT8f9KZr50Zzoxx_IORhCSluBgLv354ZAIsU6yd2LcMm8R4y8Uljg5S6H7xYhK20MPTnJI-GpnWY0US5Is4xJ5MYA=
acct2-1  | 
acct2-1  | succesfully decrypted proof
acct2-1  | proof receipt  L5B7uofJSN4= 3 2 1004 GeS2q1OaGHzR6JyNI3Lk9pcgKmuX0wHW-fd0WbBv8ue0rb3Y4nk4Pf0dvKDmNumnX2E2cXkXTrD-HXDtUKaSCw==;
acct2-1  | node2 used: 3072 forwarded: 0 threshold: 2048
acct2-1  | denied send for 2
node2-1  | 
node2-1  | send was denied for packet Zjn_o4UD8Ng=
acct0-1  | 
acct0-1  | received from 3: proof Thm3ZdST3GCoCI6OytR8TEb6AgcXwHcFIEvTq9LpiTsUE-nZXcAawTY-vY-CjFTrqljQhHkroLPFLDih8fayMzAHt9JnwMUYjzVHo51qsh0GcR4SCOuPgf8TRCzE2C9E-sgzeLtq-2QoppUJW9MytC-DXO74yHKqrj-mXkT_yNPt4KmWiemDJ-ILsLz14RoaJc6VWvzL9_KSlFGZ1y95m-xHRNAFxTPFnJUr6eaX8Rm8JFjV0XO7QpYcdnfn1aZuRo8kz9Dbq4b8Vfpg-iDVpP-gzjVFTfPpuSHXRG_ZgcDPF61juhcuEdk_gOEruvVPi3dsoZ5v6xoL1fqEQ9ZxcHq81ROel0EDN1blsYm-7PM6tMKDiM3qS5L1wFX83BGSk_3lRkTx3-11D-NVxcuQbio1GgxL4HZfQo2hHDRnGSeMIpzrn_9qTVU8yPhfeWdd7sTGYm1vrU6wn2lQ4Z49ai5U7o9QXG5UTOgtdQCJO93LqzUfB8wHSpZkWOltpVKEPQC6Gz9OmQDnJUA4dDA6QsSycrrEzBN1bXlM-ww15X_GzXMpMA9zb3LMLQJnV4pkvCf6uEmmZb9VRcffNZkADEG_PUIXeCRE3GcdMoiKhFNz9ccyI6EaEenzUNNfC4gH3CydNrQQ-pj-4QnkL2DmhmKjQ9AXobNvsEAzR7jBqLylw8KAGwVzXOIxF6n4GZ9b
acct0-1  | 
acct0-1  | succesfully decrypted proof
acct0-1  | proof receipt  UPX3ZR9tO0k= 4 3 800 dIOZPC8JjmGVDaVi2BKd6YfwqMCzWdxRkAMlrUS-g47vBDvye0I7cZfal0BPbUkWReUO8IMHgM_uNSjnxeZOAw==;receipt  L5B7uofJSN4= 1 3 812 ujjl5r9VEJjHY0168Qv2K0XTvMJnvflV3K6qz_LScHAwG-fXumw7jvM7AyBBvzMjkJVm85KOaACfGl57cbwBBQ==;
node3-1  | 
node3-1  | sending packet CVErp8BZZ6M=
node4-1  | 
node4-1  | received from 3: pANKObHdu7qmz-CjkykIuvkrmM0d5_-0zsPtM7MfLWKiL8h37i60p2d1xUCC6R-FamizgrvZGsOd-E2ikaP3tGAlOp0IWbx9mhbXSU1Bx9JvW6GvqaIZwpXOhf4_n3CbgLwddJjWMDN_zsoNUC6I2zWSGHBUul78loI9v1Jun7n_DDzbIPZY6i-EB7nYVM2lSu19yJYQnp4uW4Kv0XJ0chWyQ-0uhi6-0_ydCGgJ6SzMlYh9P1F861qgX6F0yBFsdL82TRXtsdIv977hTq-4nRGcBfWibUYynmdPu1A6gSO_YUkcM_etIuDA5B0KyXja7s_g823_5wSAllJRlVXQmdJtwHLGApoWWkKMYuQnu7SBGi7TsbihBgNim4BSyzmbnbuhuv3ARQKrMuIG5g-AkDxqCMu9dOMEtgoQXAdA7_o4Upl46AbT9FV0OVYD-WpKmeZe27avz0fe8vC5dxHIeDfhG0qhCznQb1WCvym86Yy0xuj_0h8Oit1X59hfDkktToHEJ99yRDlcxGItAB3oFlOx43ZXn6i8n4iZHMnMzaGbNVOKwEMlDiRoCzVXjmxZ_GgTY5zs_MVoJK1u-IpfSN0dqAnH5cLbh8jJWjo1Oo5-EScFPNdSbblZ9ym3GDw_giRz35FIU4OG5aNQEjItgFFbwEaNHlkursOj51Yqzlv9tk1yLkwApj0WYgntg2XmooMctV4QcR87y95d9L8FMjdNJuNupA4zku-j1t6QofrYrunmfK-UcYwXi9D936s8bBvVZso_q2k-ULFcDpAADZuduHvzWpJ6
node3-1  | 
node3-1  | received from 4: receipt ZFmfY_0la8eQ2OWx0cfTvXNU6Oswvfh3aYerPZNG6wWX-41hifkoLnhUom99oFJgHRy75rfIe69mctUxcejRbHWwAUgw0kYJSuFhPD7RL88aNDoOJ6kFEQb2edfzR32bCg0lbVE2BwmmWoRUit_hAyK4dkGKD4f_4bczVHjMnswUGfstRIx4hrxgAWduYxFbjTWQD7LPMOYwKXiBvpo7VlY=
node5-1  | 
node5-1  | received from 4: KiWo0c-2xYMQRKJ7piW_N7uMbE0em9rRGpyZRFl3rFjDwP5fabWm2LuvV1TOOozAqvhXdKuOu1muPYpMd4A2ClvynYi9glBWHMyPYkgaLNcxoKbjHIeVfafBlaQ7hNTZyFc1p9tFyiZny2OEueCn4atQ_nHZSAfFvlHOxSpr8PBJ-DrEoUgOL-Eti1qIkAsOVEO5-BAVIW6SnSrXXDIJGfrLXSxY5tj2YfoghEDK2E0-wRAmWAHC_rxjnHnK9x6bEJ3iqyMzr4Kmdb7aM1vFIa4I24h6ee17ZWQetOvsaluwr8nSz349v1M95aRsjjWoB0P51-0uuVY6GNEQsCDdzAfbF7PEeWF5IUAd7kOdCklKWbqsf2kguASQmLAtNzFZbDdtkCZJ8EOmag8Pm7JmPw1m1o7tgpqsUcs1DKJQlnDL_bYozE6meXmMSmeQ3lP61dO5iN8g5lD1vhaWFDS2AdzzZVVn-W5HFOvqjx6FPUi-y87KGAczKaquA3UiJaSzpskMNVCKsD6z-pOjG5quk5ExSqP0HCV7jSn8lHcNAA1HizV0fGOskTXUmW4C8cz-543y4LfmzubSkEXPdfTyWQ4CrVD_fQ4A
node4-1  | 
node4-1  | received from 5: receipt CRaz-bKk7Edpa5jVp6P5pzHIT0XCGu-ijox3sbO4ljVyI83yITFETFSjd6CoVnUArtpsIiy7bTDqy2eWot8qrtt9NawjJSp2Ok4500ewt5PntehMhfZya8HeVTT3eCQVqy-V1ZKWuZXSIRQNWoi4GjEhQlAAUQ_0loN6BFI46XP2yf2-_uISBVy_CybIeNct6JSOR8HxqJZkuH_AYDwQ43Q=
node2-1  | 
node2-1  | received from 5: KojiE1V-670SZEY3oiwZQJu_nWKqdMas576bVK31QSucimbfwcMfV3bdIvpZkZ55keMscU3sP9ovFq58OkQNS5svxZYDphdjqWySYFWdQ89fPHNy-z-SMtqZBCi4TUKD24N312svaOqbi94GWpBlg7Tu6xBgLKnyV8ua8GWwmlMljo2CX4Q9l0LaIPizppUlOnNDCX3rV3fN074q9j0AyxDAac5W_sxsZx7E3A90LPB7yW9irw6DQvxwHKqFJ0U8bzxUr_4S4seN9IEbB3Ge8UGaTHNFkBYh2lQNQGT92fOSwnuhk352Rna68yvtqAGkELrbfM_qL0mpPO5Gvx7QpMoOBx2UqVNP6NIq3ejlQJWP4afB51BE9YpDGs7EqMc79n-bsy2YoPMuUmkvmE18LydBILea7ER1
node5-1  | 
node5-1  | received from 2: receipt ufy0dbA4JjH0r6t6ASzZhyAQwP6H0OTcKVWnS2sOoz9MIttcP-o0ZZAcXNDlMOOROFrj98WYYdH04il_CdyLgkNLlO8u0swiGB35zUsrgilDtiFgUyW6RuneIM4tMTCZZuU_zzmyhjczEo3FrUIgpa76Z41AoixFn8hdqpi5UsA9iSiT0_wh9YSqsVoNpuvuVFf1RiwLhFg4l_OK5jNWKR0=
node6-1  | 
node6-1  | received from 2: AFn1FAwrk9NP9iakOFPjzPXBObtpRi3TkmnsUp5aMS--Lq6GApmLGPFRQHPo9nnO9FvuMOSmXak3WX2FxTN0L2e-3qigI_5jh-NblgJozG2OMdTOUVsdT2AWnLIOyGu_tdy8ILZw4JT8_0mE0E6AZJX9Vp6xD1PCyi6Tglv0s7o6SQuFQobszgeFmYAZ76Y2JkKtOwBpLKbDSu9VgsqDbZ6Xg8aeJcFj
node6-1  | 
node6-1  | packet reached destination: CVErp8BZZ6M= first message from node3
node2-1  | 
node2-1  | received from 6: receipt -poqW98EgrphjmYdQsdNzHVR7S0mM2BkgZcAhcCA_Tbmw1lvKKqizEhJpBf-rRXQmmH47UAtvszVstNpEypARNyroeTq_pK_8ou5h9_UctZnazR24ttycNajsnpWuUjnAcBRBXmlnUs2-L8-3VSDar7Z4M2Rh4Poa4Rl9xE1q7zmseipB2kKszLgLZm1m635qUgZWjTmO2kb2hT1SkQNAd8=
acct2-1  | 
acct2-1  | received from 2: proof QTT_wKfHdb6WP06tRAYHtUrW6AB4oY3usMgh9BX70EOGXMBxmmOCEMNQHWBibfA3LIdrdql8URQopeenxkwnS7xQqPrIi40PnLPrinMj0eeuenYAkmp5HcXf-99bQ0E6oU99OXngz62nEJ3vemg6dsuz-WSnSzcQ2HaKHSJiZAmFM5CtMXqnv0SDo6LwD3ek8oB2ggs0ZXsTRoxdl-uabNLyz1VljmhLwwF2Q-NncawLXqjW6DBamavkZ02hJ1oSM8mTGCRoL014BtlKxnGqi5wazwQRB1ULeKby5xranAB4PFk-jBis5I6ycVBbUMJ2CB5F_oZoes6sETIzYPb4GP-LWpt_dsV1rC8f2E0PYY5lSvo7O42A0zpBE5QhLyFbjsdNdYOTsIr3wpUfEED-CU_lrmRKV5gg3oUzzZ5qT5VPMZEauUOuoewUJluzFGWXJkMpBCk24wJuBr7kLGAAPQHom8hP2zpRSRjo5g==
acct2-1  | 
acct2-1  | succesfully decrypted proof
acct2-1  | proof receipt  CVErp8BZZ6M= 6 2 224 oVNmzt2JVje3DUvzYBjCJlp1Mi2M7J0wrZyhPg5An1Fd3AVVplzsErHF5Nj3uZzoAdyiaKqHyfyMth3UZLyjCQ==;
node2-1  | 
node2-1  | sending packet nAdHYFB6L7Y=
node5-1  | 
node5-1  | received from 2: R6nMbeAYaqoV9Keqb9Me8rbKPqz47Ce7nIWlB1hbbWDyV2DkcdTUvbscqDCsmBvcks0_32mKiMaRxg2QJpzXGH4dneSBcFKt2LObrxnY6BCVEwbNkcgQR85pfsUb7_qgluWuOlsWtq5T-C2pTlJa_I7theXSxQR0AuDhx3icbCMB92eF0Jkjh-N4jOBlljIJHfHaBdAd5IFD8NBl-BVS7ttwN3fHbisbgM9OHLJ9sdTZABlM9gM6Cn2mMIwSdc6sLxJbFsf4WodWUsMosymHlbbWYkMHsP4wRTkDhgyfbyVrQoorgpPTzQeGLk6DViRCg57NIM5wN8vmqqopy8bw3AvTWQaovIFXUmWZ5jsXHLxz_8r_5Y0_uy2xUzkLtYSqiKqzqkPvHplJo9ZTyBMEv-kmAWATBGSTWo-a9LUyplCpySPQjKZewwnArxX4VuYdXzinoItUp6OZhCN4EYbgLgme_GNq2XvQPwxre7kNO2EwLYenws_fnVbKzxqEkK9PtXZx7_-a_p3BouPPlTzdZKUAhUPVS3oGDJLuaI7Nt7D5FGFCOXy_beU3otqFV7q4xxJvjh0dxnpCrhWsIhJlmdC7BSekyhbr60o=
node2-1  | 
node2-1  | received from 5: receipt dNexro_vjwrpcSRii5KrIky25YZb09KmT_BHkH9oaFfRuzHapeKJdCRA0-jaGtfv_1Bkwuk5inkTHc4nCuL2434tVhDqWqfLcVMvY4pQ7P_FdJaGxf2MfGtaI4OOSS0MQtzOcOcJEQWc0T554R27W51hFRfRXPlVCInGrMPI6BM_Jdg6ze66mUdpYVnGzS9d5K1TF-1e05dULvetFoElmoA=
node0-1  | 
node0-1  | received from 5: 1FI8x7ZCb1n_MW_WRMjZkq7-bznaslDlB3FNpFZwVQWd5MzDuHSeHzby9lnxpRLt5-7bR9Z9yAFUppMJI6IO8zwFVAXgJGmoPaYD2rsWMzmvrcoQb8pwnt8e8kNjSwNI-RRE22okSKL6mq6Rl4ySGDlstjLVA6OszWgMNfyjL2Xo-7ggYelzSD84FVmN30BvUs61-swbWCX_pWLeA-WidLswv7QT5xxLJXEK256dr_MI5J5tQEC4vmzea-55H_4c5G-oazgJ70DH3CZnuLqtZE_pucpuPsQBN8_TCaZ7DsDDIfGTrkKhVZGMh6ZWeNxCkBPYFBncpizUDAaP_0ajvRGIVOH4mTNxAr4dR01jLUswPC9vkvsWCfPA6I0T879UJjDwYTjGmHtAnQgo5lU6g7P_CCJiBgEdIFE=
node5-1  | 
node5-1  | received from 0: receipt MN881V_MTT_deTV0ZqyUP5miEYBrvK4l9Xem87XoxjHXjmVeIW5dEVsHv7NKOgaDUtfCCdcsXW1D3d1zAdcwPAZZ9J3c35rRNrIndKdgPRN4mNAzOyxLhdN66l4mZUnua8LS_cuRWPzFiJMsL0v5JBK0quIuxHj_RET9lfUNBdqX1hfc91nOm7rUZiau6s-yashrj6-kIWb2Q48Ij_NrH9o=
node1-1  | 
node1-1  | received from 0: qdn4YZpUqOsHSTGqiJjh04RnCENg4lCCpAWAMm9RPBFSptMWavwUp-hWxH3we8UnoTkE62wFweEKQTO0fWO_4BQNv6AnlkskZ3F-OqK2VD72V1ua-u9Jh3EkeF13fb26EfZcW1bHMPRs5Sm73oNTZVfFRPAkfKWGzzPbJnBjyMVF3llfcbrRKCMIuIRiwhfuUfffSuqk27y7JFcdSFTOTowT5zPh7zEX1d4=
node1-1  | 
node1-1  | packet reached destination: nAdHYFB6L7Y= another attempt from node2
node0-1  | 
node0-1  | received from 1: receipt e7KPUHRyvyMFYgHmP2ethXlHX2dG7ZK6uolK1SxSQRmrPc81PeoC5x5OzSBrrXF0J4uE5BXvG5dlWcJ9ZWn1Ty-PAbSpa6hYgC9tZuL6ACW-RMfrwO5loCcFeIsZ54-rdD0M_p76x2bVZfxohmGogxYaUerg6S3LefM-lxemWs1Hua_KYkzUDQbcCsJ9bEkdVCwI5XY6qm3XphN4u3drtuM=
